Tue Jan 28 09:32:06 PST 2020
/project/projectdirs/m1657/zfeng/indian_radar/VANP-RADAR/20180706/T_HAHA00_C_VANP_20180706001202*

## You are using the Python ARM Radar Toolkit (Py-ART), an open source
## library for working with weather radar data. Py-ART is partly
## supported by the U.S. Department of Energy as part of the Atmospheric
## Radiation Measurement (ARM) Climate Research Facility, an Office of
## Science user facility.
##
## If you use this software to prepare a publication, please cite:
##
##     JJ Helmus and SM Collis, JORS 2016, doi: 10.5334/jors.119

example_config.json
['total_power', 'reflectivity', 'mean_doppler_velocity', 'spectrum_width']
/project/projectdirs/m1657/zfeng/indian_radar/VANP-RADAR/20180706/T_HAHA00_C_VANP_20180706071203*

## You are using the Python ARM Radar Toolkit (Py-ART), an open source
## library for working with weather radar data. Py-ART is partly
## supported by the U.S. Department of Energy as part of the Atmospheric
## Radiation Measurement (ARM) Climate Research Facility, an Office of
## Science user facility.
##
## If you use this software to prepare a publication, please cite:
##
##     JJ Helmus and SM Collis, JORS 2016, doi: 10.5334/jors.119

example_config.json
['total_power', 'reflectivity', 'mean_doppler_velocity', 'spectrum_width']
Tue Jan 28 09:32:55 PST 2020
